**************
*** PID 16468: rpict -t 10 -vtv -vp -6.152 -0.399 2.220 -vd 0.927 0.130 -0.353 -vu 0.000 0.000 1.000 -vh 42.702 -vv 15.530 -vs -0.500 -vl -1.500 -x 1033 -y 283 -af office_IMG.amb -ps 8 -pt 0.15 -pj 0.6 -dj 0 -ds 0.5 -dt 0.5 -dc 0.25 -dr 0 -dp 64 -st 0.85 -ab 10 -ad 512 -as 128 -ar 16 -aa 0.250 -lr 4 -lw 0.050 -av 0 0 0 -e error.log office_IMG.oct

**************
*** PID 10276: rpict -t 10 -vtv -vp -6.152 -0.399 2.220 -vd 0.927 0.130 -0.353 -vu 0.000 0.000 1.000 -vh 42.702 -vv 15.530 -vs 0.500 -vl -1.500 -x 1033 -y 283 -af office_IMG.amb -ps 8 -pt 0.15 -pj 0.6 -dj 0 -ds 0.5 -dt 0.5 -dc 0.25 -dr 0 -dp 64 -st 0.85 -ab 10 -ad 512 -as 128 -ar 16 -aa 0.250 -lr 4 -lw 0.050 -av 0 0 0 -e error.log office_IMG.oct

**************
*** PID  7936: rpict -t 10 -vtv -vp -6.152 -0.399 2.220 -vd 0.927 0.130 -0.353 -vu 0.000 0.000 1.000 -vh 42.702 -vv 15.530 -vs -0.500 -vl -0.500 -x 1033 -y 283 -af office_IMG.amb -ps 8 -pt 0.15 -pj 0.6 -dj 0 -ds 0.5 -dt 0.5 -dc 0.25 -dr 0 -dp 64 -st 0.85 -ab 10 -ad 512 -as 128 -ar 16 -aa 0.250 -lr 4 -lw 0.050 -av 0 0 0 -e error.log office_IMG.oct

**************
*** PID 14360: rpict -t 10 -vtv -vp -6.152 -0.399 2.220 -vd 0.927 0.130 -0.353 -vu 0.000 0.000 1.000 -vh 42.702 -vv 15.530 -vs 0.500 -vl -0.500 -x 1033 -y 283 -af office_IMG.amb -ps 8 -pt 0.15 -pj 0.6 -dj 0 -ds 0.5 -dt 0.5 -dc 0.25 -dr 0 -dp 64 -st 0.85 -ab 10 -ad 512 -as 128 -ar 16 -aa 0.250 -lr 4 -lw 0.050 -av 0 0 0 -e error.log office_IMG.oct

rpict: warning - non-planar vertex for polygon "zone_1_Srf_3_0"
rpict: 1600 rays, 0.00% after 0.0000 hours
**************
*** PID  5084: rpict -t 10 -vtv -vp -6.152 -0.399 2.220 -vd 0.927 0.130 -0.353 -vu 0.000 0.000 1.000 -vh 42.702 -vv 15.530 -vs -0.500 -vl 0.500 -x 1033 -y 283 -af office_IMG.amb -ps 8 -pt 0.15 -pj 0.6 -dj 0 -ds 0.5 -dt 0.5 -dc 0.25 -dr 0 -dp 64 -st 0.85 -ab 10 -ad 512 -as 128 -ar 16 -aa 0.250 -lr 4 -lw 0.050 -av 0 0 0 -e error.log office_IMG.oct

rpict: warning - non-planar vertex for polygon "440bba9436bb491d858c_2_0"
rpict: warning - non-planar vertex for polygon "object_1.17"
rpict: warning - non-planar vertex for polygon "d0e4e5e3c8934ae59eab_0"
rpict: warning - non-planar vertex for polygon "d0e4e5e3c8934ae59eab_1_0"
rpict: warning - non-planar vertex for polygon "b2f3422899d442f7a674_2_0"
rpict: warning - non-planar vertex for polygon "fbf69decc8cd4e5bb839_2_0"
rpict: warning - non-planar vertex for polygon "object_3914.260499"
rpict: warning - non-planar vertex for polygon "object_3793.254934"
rpict: warning - non-planar vertex for polygon "047591cfb3ec49ce8ba4_2_0"
rpict: warning - non-planar vertex for polygon "object_3914.260500"
rpict: warning - non-planar vertex for polygon "29eedee78832454cb783_2_0"
rpict: warning - non-planar vertex for polygon "zone_1_Srf_3_0"
rpict: 1600 rays, 0.00% after 0.0003 hours
rpict: warning - non-planar vertex for polygon "object_31.9996"
rpict: warning - non-planar vertex for polygon "object_31.9978"
rpict: warning - non-planar vertex for polygon "object_3914.260500"
rpict: warning - non-planar vertex for polygon "object_3793.254933"
rpict: warning - non-planar vertex for polygon "object_3793.254934"
rpict: warning - non-planar vertex for polygon "object_3914.260499"
rpict: warning - non-planar vertex for polygon "object_3802.255434"
**************
*** PID   220: rpict -t 10 -vtv -vp -6.152 -0.399 2.220 -vd 0.927 0.130 -0.353 -vu 0.000 0.000 1.000 -vh 42.702 -vv 15.530 -vs 0.500 -vl 0.500 -x 1033 -y 283 -af office_IMG.amb -ps 8 -pt 0.15 -pj 0.6 -dj 0 -ds 0.5 -dt 0.5 -dc 0.25 -dr 0 -dp 64 -st 0.85 -ab 10 -ad 512 -as 128 -ar 16 -aa 0.250 -lr 4 -lw 0.050 -av 0 0 0 -e error.log office_IMG.oct

rpict: warning - non-planar vertex for polygon "object_3006.194650"
rpict: warning - non-planar vertex for polygon "82bab621cc1c474d8954_6_0"
rpict: warning - non-planar vertex for polygon "047591cfb3ec49ce8ba4_2_0"
rpict: warning - non-planar vertex for polygon "object_2268.155244"
rpict: warning - non-planar vertex for polygon "object_3763.248874"
rpict: warning - non-planar vertex for polygon "object_3793.254933"
rpict: warning - non-planar vertex for polygon "d0e4e5e3c8934ae59eab_1_0"
rpict: warning - non-planar vertex for polygon "440bba9436bb491d858c_2_0"
rpict: warning - non-planar vertex for polygon "fbf69decc8cd4e5bb839_1_0"
rpict: warning - non-planar vertex for polygon "29eedee78832454cb783_1_0"
rpict: warning - non-planar vertex for polygon "object_2610.172522"
rpict: warning - non-planar vertex for polygon "object_1.17"
rpict: warning - non-planar vertex for polygon "fbf69decc8cd4e5bb839_2_0"
**************
*** PID 12220: rpict -t 10 -vtv -vp -6.152 -0.399 2.220 -vd 0.927 0.130 -0.353 -vu 0.000 0.000 1.000 -vh 42.702 -vv 15.530 -vs -0.500 -vl 1.500 -x 1033 -y 283 -af office_IMG.amb -ps 8 -pt 0.15 -pj 0.6 -dj 0 -ds 0.5 -dt 0.5 -dc 0.25 -dr 0 -dp 64 -st 0.85 -ab 10 -ad 512 -as 128 -ar 16 -aa 0.250 -lr 4 -lw 0.050 -av 0 0 0 -e error.log office_IMG.oct

rpict: warning - non-planar vertex for polygon "29eedee78832454cb783_2_0"
rpict: warning - non-planar vertex for polygon "zone_1_Srf_3_0"
rpict: warning - non-planar vertex for polygon "d0e4e5e3c8934ae59eab_0"
rpict: 1600 rays, 0.00% after 0.0003 hours
rpict: warning - non-planar vertex for polygon "82bab621cc1c474d8954_6_0"
rpict: warning - non-planar vertex for polygon "b2f3422899d442f7a674_2_0"
rpict: warning - non-planar vertex for polygon "fbf69decc8cd4e5bb839_2_0"
rpict: warning - non-planar vertex for polygon "f787a0f0d66848369129_2_0"
rpict: warning - non-planar vertex for polygon "object_3802.255434"
rpict: warning - non-planar vertex for polygon "object_3793.254933"
rpict: warning - non-planar vertex for polygon "82bab621cc1c474d8954_5_0"
rpict: 38478 rays, 100.00% after 0.0003 hours
rpict: warning - non-planar vertex for polygon "object_1.17"
rpict: warning - non-planar vertex for polygon "440bba9436bb491d858c_2_0"
rpict: warning - non-planar vertex for polygon "object_14.2047"
**************
*** PID  3176: rpict -t 10 -vtv -vp -6.152 -0.399 2.220 -vd 0.927 0.130 -0.353 -vu 0.000 0.000 1.000 -vh 42.702 -vv 15.530 -vs 0.500 -vl 1.500 -x 1033 -y 283 -af office_IMG.amb -ps 8 -pt 0.15 -pj 0.6 -dj 0 -ds 0.5 -dt 0.5 -dc 0.25 -dr 0 -dp 64 -st 0.85 -ab 10 -ad 512 -as 128 -ar 16 -aa 0.250 -lr 4 -lw 0.050 -av 0 0 0 -e error.log office_IMG.oct

rpict: warning - non-planar vertex for polygon "f787a0f0d66848369129_2_0"
rpict: 128225 rays, 100.00% after 0.0003 hours
rpict: warning - non-planar vertex for polygon "82bab621cc1c474d8954_5_0"
rpict: warning - non-planar vertex for polygon "zone_1_Srf_3_0"
rpict: 1600 rays, 0.00% after 0.0003 hours
rpict: warning - non-planar vertex for polygon "object_1.17"
rpict: warning - non-planar vertex for polygon "object_3914.260500"
rpict: warning - non-planar vertex for polygon "object_3793.254934"
rpict: warning - non-planar vertex for polygon "f787a0f0d66848369129_2_0"
rpict: warning - non-planar vertex for polygon "object_3.751"
rpict: warning - non-planar vertex for polygon "object_2610.172522"
rpict: warning - non-planar vertex for polygon "object_2610.172530"
rpict: warning - non-planar vertex for polygon "object_3802.255434"
rpict: warning - non-planar vertex for polygon "object_3793.254933"
rpict: warning - non-planar vertex for polygon "object_874.79661"
rpict: warning - non-planar vertex for polygon "object_14.2042"
rpict: warning - non-planar vertex for polygon "d0e4e5e3c8934ae59eab_0"
rpict: warning - non-planar vertex for polygon "object_31.9996"
rpict: warning - non-planar vertex for polygon "object_31.9978"
rpict: warning - non-planar vertex for polygon "object_41.12087"
rpict: warning - non-planar vertex for polygon "object_51.14724"
rpict: warning - non-planar vertex for polygon "object_3802.255437"
rpict: warning - non-planar vertex for polygon "object_2595.170584"
rpict: warning - non-planar vertex for polygon "object_3914.260499"
rpict: warning - non-planar vertex for polygon "object_2507.166662"
rpict: warning - non-planar vertex for polygon "object_296.55579"
rpict: warning - non-planar vertex for polygon "047591cfb3ec49ce8ba4_2_0"
rpict: warning - non-planar vertex for polygon "object_1990.141046"
rpict: warning - non-planar vertex for polygon "object_1990.141045"
rpict: warning - non-planar vertex for polygon "047591cfb3ec49ce8ba4_2_0"
rpict: warning - non-planar vertex for polygon "object_31.9996"
rpict: warning - non-planar vertex for polygon "object_31.9978"
rpict: warning - non-planar vertex for polygon "zone_1_Srf_3_0"
rpict: 1600 rays, 0.00% after 0.0003 hours
rpict: warning - non-planar vertex for polygon "object_3914.260499"
rpict: warning - non-planar vertex for polygon "object_2610.172505"
rpict: warning - non-planar vertex for polygon "29eedee78832454cb783_2_0"
rpict: warning - non-planar vertex for polygon "d0e4e5e3c8934ae59eab_1_0"
rpict: warning - non-planar vertex for polygon "d0e4e5e3c8934ae59eab_0"
rpict: warning - non-planar vertex for polygon "82bab621cc1c474d8954_6_0"
rpict: warning - non-planar vertex for polygon "object_4.930"
rpict: warning - non-planar vertex for polygon "047591cfb3ec49ce8ba4_2_0"
rpict: warning - non-planar vertex for polygon "object_3914.260500"
rpict: warning - non-planar vertex for polygon "object_3793.254934"
rpict: warning - non-planar vertex for polygon "object_31.10050"
rpict: warning - non-planar vertex for polygon "object_31.10014"
rpict: warning - non-planar vertex for polygon "object_3914.260500"
rpict: warning - non-planar vertex for polygon "object_3914.260499"
rpict: warning - non-planar vertex for polygon "object_3793.254934"
rpict: warning - non-planar vertex for polygon "object_1974.140764"
rpict: warning - non-planar vertex for polygon "object_1630.122067"
rpict: warning - non-planar vertex for polygon "object_108.21559"
rpict: warning - non-planar vertex for polygon "object_3802.255434"
rpict: warning - non-planar vertex for polygon "object_3793.254933"
rpict: warning - non-planar vertex for polygon "object_1.17"
rpict: warning - non-planar vertex for polygon "object_874.79661"
rpict: warning - non-planar vertex for polygon "object_874.79658"
rpict: warning - non-planar vertex for polygon "object_874.79655"
rpict: warning - non-planar vertex for polygon "object_874.79654"
rpict: warning - non-planar vertex for polygon "object_1498.116532"
rpict: warning - non-planar vertex for polygon "object_3763.248874"
rpict: warning - non-planar vertex for polygon "object_3256.209479"
rpict: warning - non-planar vertex for polygon "object_3763.248825"
rpict: warning - non-planar vertex for polygon "zone_1_Srf_3_0"
rpict: warning - non-planar vertex for polygon "object_31.10050"
rpict: warning - non-planar vertex for polygon "object_31.10014"
rpict: warning - non-planar vertex for polygon "object_31.9996"
rpict: warning - non-planar vertex for polygon "object_1253.104966"
rpict: warning - non-planar vertex for polygon "object_2068.145012"
rpict: warning - non-planar vertex for polygon "object_2068.145010"
rpict: warning - non-planar vertex for polygon "object_3033.195770"
rpict: warning - non-planar vertex for polygon "object_3326.214339"
rpict: warning - non-planar vertex for polygon "object_3326.214337"
rpict: warning - non-planar vertex for polygon "object_1746.127944"
rpict: warning - non-planar vertex for polygon "object_1746.127940"
rpict: warning - non-planar vertex for polygon "object_3326.214335"
rpict: warning - non-planar vertex for polygon "object_3326.214334"
rpict: 1600 rays, 0.00% after 0.0003 hours
rpict: warning - non-planar vertex for polygon "object_1261.105880"
rpict: warning - non-planar vertex for polygon "object_10.1705"
rpict: warning - non-planar vertex for polygon "object_1990.141046"
rpict: warning - non-planar vertex for polygon "object_1990.141045"
rpict: warning - non-planar vertex for polygon "fbf69decc8cd4e5bb839_2_0"
rpict: warning - non-planar vertex for polygon "object_10.1707"
rpict: warning - non-planar vertex for polygon "object_10.1701"
rpict: warning - non-planar vertex for polygon "440bba9436bb491d858c_2_0"
rpict: warning - non-planar vertex for polygon "object_2610.172513"
rpict: warning - non-planar vertex for polygon "object_1.17"
rpict: warning - non-planar vertex for polygon "object_2507.166665"
rpict: warning - non-planar vertex for polygon "object_2299.157923"
rpict: warning - non-planar vertex for polygon "object_1261.105883"
rpict: warning - non-planar vertex for polygon "object_1261.105880"
rpict: warning - non-planar vertex for polygon "d0e4e5e3c8934ae59eab_0"
rpict: warning - non-planar vertex for polygon "d0e4e5e3c8934ae59eab_1_0"
rpict: warning - non-planar vertex for polygon "82bab621cc1c474d8954_6_0"
rpict: warning - non-planar vertex for polygon "object_1423.112160"
rpict: warning - non-planar vertex for polygon "object_296.55579"
rpict: warning - non-planar vertex for polygon "object_1261.105883"
rpict: warning - non-planar vertex for polygon "object_2610.172513"
rpict: warning - non-planar vertex for polygon "object_2610.172530"
rpict: warning - non-planar vertex for polygon "object_2268.155244"
rpict: warning - non-planar vertex for polygon "object_2418.163874"
rpict: warning - non-planar vertex for polygon "object_1990.141047"
rpict: warning - non-planar vertex for polygon "object_1990.141047"
rpict: warning - non-planar vertex for polygon "object_3802.255437"
rpict: warning - non-planar vertex for polygon "object_1475.114997"
rpict: warning - non-planar vertex for polygon "440bba9436bb491d858c_2_0"
rpict: warning - non-planar vertex for polygon "f787a0f0d66848369129_2_0"
rpict: warning - non-planar vertex for polygon "object_4.911"
rpict: warning - non-planar vertex for polygon "object_1236.104680"
rpict: warning - non-planar vertex for polygon "object_2610.172522"
rpict: warning - non-planar vertex for polygon "object_1686.125336"
rpict: warning - non-planar vertex for polygon "object_108.21570"
rpict: warning - non-planar vertex for polygon "object_3793.254933"
rpict: warning - non-planar vertex for polygon "object_10.1718"
rpict: warning - non-planar vertex for polygon "object_2507.166662"
rpict: warning - non-planar vertex for polygon "object_2507.166665"
rpict: warning - non-planar vertex for polygon "b2f3422899d442f7a674_2_0"
rpict: warning - non-planar vertex for polygon "zone_1_Srf_3_0"
rpict: 1600 rays, 0.00% after 0.0003 hours
rpict: warning - non-planar vertex for polygon "object_647.72233"
rpict: warning - non-planar vertex for polygon "object_647.72231"
rpict: warning - non-planar vertex for polygon "object_1.17"
rpict: warning - non-planar vertex for polygon "440bba9436bb491d858c_2_0"
rpict: warning - non-planar vertex for polygon "d0e4e5e3c8934ae59eab_0"
rpict: warning - non-planar vertex for polygon "047591cfb3ec49ce8ba4_2_0"
rpict: warning - non-planar vertex for polygon "object_3763.248874"
rpict: warning - non-planar vertex for polygon "object_3256.209479"
rpict: warning - non-planar vertex for polygon "object_2418.163874"
rpict: warning - non-planar vertex for polygon "object_3006.194650"
rpict: warning - non-planar vertex for polygon "object_108.21570"
rpict: warning - non-planar vertex for polygon "f787a0f0d66848369129_2_0"
rpict: warning - non-planar vertex for polygon "object_3914.260500"
rpict: warning - non-planar vertex for polygon "object_364.59203"
rpict: warning - non-planar vertex for polygon "object_2299.157923"
rpict: warning - non-planar vertex for polygon "d0e4e5e3c8934ae59eab_1_0"
rpict: warning - non-planar vertex for polygon "82bab621cc1c474d8954_5_0"
rpict: warning - non-planar vertex for polygon "82bab621cc1c474d8954_6_0"
rpict: warning - non-planar vertex for polygon "object_4.911"
rpict: warning - non-planar vertex for polygon "object_1253.104966"
rpict: warning - non-planar vertex for polygon "object_364.59203"
rpict: warning - non-planar vertex for polygon "object_2068.145012"
rpict: warning - non-planar vertex for polygon "object_2068.145010"
rpict: warning - non-planar vertex for polygon "object_2138.148969"
rpict: warning - non-planar vertex for polygon "object_130.25513"
rpict: warning - non-planar vertex for polygon "object_10.1718"
rpict: warning - non-planar vertex for polygon "object_1253.104965"
rpict: warning - non-planar vertex for polygon "object_1253.104964"
rpict: warning - non-planar vertex for polygon "object_1253.104962"
rpict: warning - non-planar vertex for polygon "object_1253.104959"
rpict: warning - non-planar vertex for polygon "object_1746.127944"
rpict: warning - non-planar vertex for polygon "object_1746.127940"
rpict: warning - non-planar vertex for polygon "object_126.23564"
rpict: warning - non-planar vertex for polygon "object_3033.195770"
rpict: warning - non-planar vertex for polygon "zone_1_Srf_3_0"
rpict: warning - non-planar vertex for polygon "object_3006.194650"
rpict: warning - non-planar vertex for polygon "object_422.61608"
rpict: warning - non-planar vertex for polygon "object_422.61606"
rpict: warning - non-planar vertex for polygon "object_422.61604"
rpict: 1600 rays, 0.00% after 0.0003 hours
rpict: warning - non-planar vertex for polygon "object_3914.260499"
rpict: warning - non-planar vertex for polygon "object_3802.255434"
rpict: warning - non-planar vertex for polygon "object_3793.254934"
rpict: warning - non-planar vertex for polygon "object_3793.254934"
rpict: warning - non-planar vertex for polygon "object_3793.254933"
2_0"
rpict: warning - non-planar vertex for polygon "object_3914.260499"
rpict: warning - non-planar vertex for polygon "object_3793.254934"
rpict: warning - non-planar vertex for polygon "object_1.17"
rpict: warning - non-planar vertex for polygon "object_3793.254933"
rpict: warning - non-planar vertex for polygon "object_1630.122067"
rpict: warning - non-planar vertex for polygon "object_3914.260500"
rpict: warning - non-planar vertex for polygon "object_1974.140764"
rpict: warning - non-planar vertex for polygon "object_1686.125336"
rpict: warning - non-planar vertex for polygon "object_1253.104966"
rpict: warning - non-planar vertex for polygon "object_1746.127944"
rpict: warning - non-planar vertex for polygon "object_1746.127940"
rpict: warning - non-planar vertex for polygon "object_2610.172505"
rpict: warning - non-planar vertex for polygon "object_2595.170584"
rpict: warning - non-planar vertex for polygon "object_2610.172513"
rpict: warning - non-planar vertex for polygon "object_14.2047"
rpict: warning - non-planar vertex for polygon "object_957.86796"
rpict: warning - non-planar vertex for polygon "object_576.69172"
rpict: warning - non-planar vertex for polygon "object_576.69170"
rpict: warning - non-planar vertex for polygon "object_130.25513"
rpict: warning - non-planar vertex for polygon "object_3914.260500"
rpict: warning - non-planar vertex for polygon "object_1423.112179"
rpict: warning - non-planar vertex for polygon "object_1423.112160"
rpict: warning - non-planar vertex for polygon "object_1630.122067"
rpict: warning - non-planar vertex for polygon "object_733.75593"
rpict: warning - non-planar vertex for polygon "object_3802.255437"
rpict: warning - non-planar vertex for polygon "object_2068.145012"
rpict: warning - non-planar vertex for polygon "object_2068.145010"
rpict: 80413 rays, 100.00% after 0.0003 hours
rpict: warning - non-planar vertex for polygon "object_1556.119498"
rpict: warning - non-planar vertex for polygon "object_3006.194650"
rpict: warning - non-planar vertex for polygon "fbf69decc8cd4e5bb839_2_0"
rpict: warning - non-planar vertex for polygon "fbf69decc8cd4e5bb839_1_0"
rpict: warning - non-planar vertex for polygon "object_31.9960"
rpict: warning - non-planar vertex for polygon "object_647.72233"
rpict: warning - non-planar vertex for polygon "object_647.72231"
rpict: warning - non-planar vertex for polygon "object_1990.141046"
rpict: warning - non-planar vertex for polygon "object_1990.141045"
rpict: warning - non-planar vertex for polygon "object_3393.220589"
rpict: warning - non-planar vertex for polygon "object_3393.220586"
rpict: 108755 rays, 100.00% after 0.0006 hours
rpict: warning - non-planar vertex for polygon "object_10.1718"
rpict: warning - non-planar vertex for polygon "object_3802.255437"
rpict: warning - non-planar vertex for polygon "object_108.21559"
rpict: warning - non-planar vertex for polygon "object_3326.214339"
rpict: warning - non-planar vertex for polygon "object_3326.214337"
rpict: warning - non-planar vertex for polygon "object_3326.214335"
rpict: warning - non-planar vertex for polygon "object_2610.172505"
rpict: warning - non-planar vertex for polygon "object_2595.170584"
rpict: warning - non-planar vertex for polygon "object_2610.172530"
rpict: warning - non-planar vertex for polygon "29eedee78832454cb783_2_0"
rpict: warning - non-planar vertex for polygon "object_3802.255434"
rpict: warning - non-planar vertex for polygon "object_2507.166665"
rpict: warning - non-planar vertex for polygon "object_2507.166662"
rpict: warning - non-planar vertex for polygon "object_31.9978"
rpict: warning - non-planar vertex for polygon "f787a0f0d66848369129_2_0"
rpict: warning - non-planar vertex for polygon "d0e4e5e3c8934ae59eab_0"
rpict: 248478 rays, 100.00% after 0.0006 hours
rpict: warning - non-planar vertex for polygon "f787a0f0d66848369129_1_0"
rpict: warning - non-planar vertex for polygon "object_51.14724"
rpict: warning - non-planar vertex for polygon "b2f3422899d442f7a674_2_0"
rpict: warning - non-planar vertex for polygon "object_3914.260499"
rpict: warning - non-planar vertex for polygon "object_957.86796"
rpict: warning - non-planar vertex for polygon "object_3802.255437"
rpict: warning - non-planar vertex for polygon "object_1990.141046"
rpict: warning - non-planar vertex for polygon "object_1990.141045"
rpict: warning - non-planar vertex for polygon "object_1475.115000"
rpict: warning - non-planar vertex for polygon "object_1475.114998"
rpict: warning - non-planar vertex for polygon "object_1475.114997"
rpict: warning - non-planar vertex for polygon "object_1475.114994"
rpict: warning - non-planar vertex for polygon "object_10.1707"
rpict: warning - non-planar vertex for polygon "object_10.1701"
rpict: warning - non-planar vertex for polygon "82bab621cc1c474d8954_5_0"
rpict: warning - non-planar vertex for polygon "object_31.9960"
rpict: warning - non-planar vertex for polygon "object_1498.116529"
rpict: warning - non-planar vertex for polygon "object_1498.116525"
rpict: warning - non-planar vertex for polygon "object_576.69172"
rpict: warning - non-planar vertex for polygon "object_576.69170"
rpict: warning - non-planar vertex for polygon "object_3802.255434"
rpict: warning - non-planar vertex for polygon "fbf69decc8cd4e5bb839_2_0"
rpict: warning - non-planar vertex for polygon "object_2610.172513"
rpict: warning - non-planar vertex for polygon "object_2610.172505"
rpict: warning - non-planar vertex for polygon "object_2610.172522"
rpict: warning - non-planar vertex for polygon "object_2595.170584"
rpict: warning - non-planar vertex for polygon "object_1556.119498"
rpict: warning - non-planar vertex for polygon "object_31.10050"
rpict: 113968 rays, 100.00% after 0.0006 hours
rpict: warning - non-planar vertex for polygon "object_10.1718"
rpict: warning - non-planar vertex for polygon "object_2610.172505"
rpict: warning - non-planar vertex for polygon "object_2595.170584"
rpict: warning - non-planar vertex for polygon "object_14.2047"
rpict: warning - non-planar vertex for polygon "object_14.2042"
rpict: warning - non-planar vertex for polygon "object_3.749"
rpict: warning - non-planar vertex for polygon "object_2507.166673"
rpict: warning - non-planar vertex for polygon "29eedee78832454cb783_2_0"
rpict: warning - non-planar vertex for polygon "object_3.749"
rpict: warning - non-planar vertex for polygon "object_733.75593"
rpict: warning - non-planar vertex for polygon "440bba9436bb491d858c_2_0"
rpict: warning - non-planar vertex for polygon "object_130.25513"
rpict: warning - non-planar vertex for polygon "object_874.79661"
rpict: warning - non-planar vertex for polygon "object_874.79658"
rpict: warning - non-planar vertex for polygon "object_874.79655"
rpict: warning - non-planar vertex for polygon "object_874.79654"
rpict: warning - non-planar vertex for polygon "object_1556.119505"
rpict: warning - non-planar vertex for polygon "object_3033.195770"
rpict: warning - non-planar vertex for polygon "object_14.2042"
rpict: warning - non-planar vertex for polygon "object_31.10014"
rpict: warning - non-planar vertex for polygon "object_31.9996"
rpict: warning - non-planar vertex for polygon "object_1746.127944"
rpict: warning - non-planar vertex for polygon "object_1746.127940"
rpict: warning - non-planar vertex for polygon "object_422.61608"
rpict: warning - non-planar vertex for polygon "object_422.61606"
rpict: warning - non-planar vertex for polygon "object_422.61604"
rpict: warning - non-planar vertex for polygon "object_1261.105883"
rpict: warning - non-planar vertex for polygon "object_1261.105880"
rpict: warning - non-planar vertex for polygon "b2f3422899d442f7a674_2_0"
rpict: warning - non-planar vertex for polygon "29eedee78832454cb783_1_0"
rpict: warning - non-planar vertex for polygon "object_14.2047"
rpict: warning - non-planar vertex for polygon "object_1253.104965"
rpict: warning - non-planar vertex for polygon "object_1253.104964"
rpict: warning - non-planar vertex for polygon "object_1253.104962"
rpict: warning - non-planar vertex for polygon "object_1253.104959"
rpict: warning - non-planar vertex for polygon "object_1423.112179"
rpict: warning - non-planar vertex for polygon "object_2268.155244"
rpict: warning - non-planar vertex for polygon "object_1475.115000"
rpict: warning - non-planar vertex for polygon "object_1475.114998"
rpict: warning - non-planar vertex for polygon "object_1475.114994"
rpict: warning - non-planar vertex for polygon "object_1084.94075"
rpict: warning - non-planar vertex for polygon "object_998.88057"
rpict: warning - non-planar vertex for polygon "object_998.88056"
rpict: warning - non-planar vertex for polygon "object_1253.104966"
rpict: warning - non-planar vertex for polygon "object_1253.104965"
rpict: warning - non-planar vertex for polygon "object_1253.104964"
rpict: warning - non-planar vertex for polygon "object_1253.104962"
rpict: warning - non-planar vertex for polygon "object_1253.104959"
rpict: warning - non-planar vertex for polygon "object_4.930"
rpict: warning - non-planar vertex for polygon "object_2299.157923"
rpict: warning - non-planar vertex for polygon "object_2507.166665"
rpict: warning - non-planar vertex for polygon "object_2507.166662"
rpict: warning - non-planar vertex for polygon "object_296.55579"
rpict: warning - non-planar vertex for polygon "object_3326.214334"
rpict: warning - non-planar vertex for polygon "object_4.911"
rpict: warning - non-planar vertex for polygon "object_3763.248874"
rpict: warning - non-planar vertex for polygon "object_14.2036"
rpict: warning - non-planar vertex for polygon "object_14.2034"
rpict: warning - non-planar vertex for polygon "object_2610.172522"
rpict: warning - non-planar vertex for polygon "object_2610.172513"
rpict: warning - non-planar vertex for polygon "object_2138.148969"
rpict: warning - non-planar vertex for polygon "b2f3422899d442f7a674_1_0"
rpict: warning - non-planar vertex for polygon "object_126.23564"
rpict: warning - non-planar vertex for polygon "object_3006.194650"
rpict: 601715 rays, 100.00% after 0.0011 hours
rpict: 711839 rays, 100.00% after 0.0017 hours
